In file included from ../kernel/include/kb.h:6:0,
                 from ../kernel/main.c:8:
../kernel/include/isr.h:21:16: error: redefinition of 'struct registers'
In file included from ../kernel/include/paging.h:5:0,
                 from ../kernel/main.c:4:
../kernel/include/isr.h:21:16: note: originally defined here
In file included from ../kernel/include/kb.h:6:0,
                 from ../kernel/main.c:8:
../kernel/include/isr.h:27:3: error: conflicting types for 'registers_t'
In file included from ../kernel/include/paging.h:5:0,
                 from ../kernel/main.c:4:
../kernel/include/isr.h:27:3: note: previous declaration of 'registers_t' was here
In file included from ../kernel/include/kb.h:6:0,
                 from ../kernel/main.c:8:
../kernel/include/isr.h:32:16: error: conflicting types for 'isr_t'
In file included from ../kernel/include/paging.h:5:0,
                 from ../kernel/main.c:4:
../kernel/include/isr.h:32:16: note: previous declaration of 'isr_t' was here
In file included from ../kernel/include/kb.h:6:0,
                 from ../kernel/main.c:8:
../kernel/include/isr.h:33:6: error: conflicting types for 'register_interrupt_handler'
In file included from ../kernel/include/paging.h:5:0,
                 from ../kernel/main.c:4:
../kernel/include/isr.h:33:6: note: previous declaration of 'register_interrupt_handler' was here
